12:17:34:[INFO]imported FOSLogging system
12:17:34:[INFO]imported os
12:17:34:[INFO]imported time
12:17:34:[INFO]imported os
12:17:34:[INFO]imported importlib
12:17:34:[INFO]imported sys
12:17:34:[INFO]-------SESSION READY-----------
12:17:34:[INFO]started bootup
12:17:34:[INFO]Finished intro
12:17:34:[INFO]Command Ready
12:17:38:[INFO]ran command update on directory F:/Term/commands/
12:17:38:[INFO]Command Known
12:18:00:[INFO]imported FOSLogging system
12:18:00:[INFO]imported os
12:18:00:[INFO]imported time
12:18:00:[INFO]imported os
12:18:00:[INFO]imported importlib
12:18:00:[INFO]imported sys
12:18:00:[INFO]-------SESSION READY-----------
12:18:00:[INFO]started bootup
12:18:00:[INFO]Finished intro
12:18:00:[INFO]Command Ready
12:18:02:[INFO]ran command update on directory F:/Term/commands/
12:18:02:[INFO]Command Known
